<?xml version="1.0" encoding="UTF-8"?>
<testng-results skipped="0" failed="0" ignored="0" total="15" passed="15">
  <reporter-output>
  </reporter-output>
  <suite name="Default suite" duration-ms="401585" started-at="2017-06-22T13:36:08Z" finished-at="2017-06-22T13:42:50Z">
    <groups>
    </groups>
    <test name="Default test" duration-ms="401585" started-at="2017-06-22T13:36:08Z" finished-at="2017-06-22T13:42:50Z">
      <class name="finalPackage.FinalAutomation">
        <test-method status="PASS" signature="temp()[pri:0, instance:finalPackage.FinalAutomation@2d928643]" name="temp" duration-ms="81827" started-at="2017-06-22T19:06:08Z" finished-at="2017-06-22T19:07:30Z">
          <reporter-output>
          </reporter-output>
        </test-method> <!-- temp -->
        <test-method status="PASS" signature="tearDown(org.testng.ITestResult)[pri:0, instance:finalPackage.FinalAutomation@2d928643]" name="tearDown" is-config="true" duration-ms="1" started-at="2017-06-22T19:07:30Z" finished-at="2017-06-22T19:07:30Z">
          <params>
            <param index="0">
              <value>
                <![CDATA[[TestResult name=temp status=SUCCESS method=FinalAutomation.temp()[pri:0, instance:finalPackage.FinalAutomation@2d928643] output={null}]]]>
              </value>
            </param>
          </params>
          <reporter-output>
          </reporter-output>
        </test-method> <!-- tearDown -->
        <test-method status="PASS" signature="validateRunningChillerCount()[pri:1, instance:finalPackage.FinalAutomation@2d928643]" name="validateRunningChillerCount" duration-ms="5466" started-at="2017-06-22T19:07:30Z" finished-at="2017-06-22T19:07:36Z">
          <reporter-output>
          </reporter-output>
        </test-method> <!-- validateRunningChillerCount -->
        <test-method status="PASS" signature="validateAlarmsandAlertChillerCount()[pri:2, instance:finalPackage.FinalAutomation@2d928643]" name="validateAlarmsandAlertChillerCount" duration-ms="8597" started-at="2017-06-22T19:07:36Z" finished-at="2017-06-22T19:07:44Z">
          <reporter-output>
          </reporter-output>
        </test-method> <!-- validateAlarmsandAlertChillerCount -->
        <test-method status="PASS" signature="tearDown(org.testng.ITestResult)[pri:0, instance:finalPackage.FinalAutomation@2d928643]" name="tearDown" is-config="true" duration-ms="0" started-at="2017-06-22T19:07:36Z" finished-at="2017-06-22T19:07:36Z">
          <params>
            <param index="0">
              <value>
                <![CDATA[[TestResult name=validateRunningChillerCount status=SUCCESS method=FinalAutomation.validateRunningChillerCount()[pri:1, instance:finalPackage.FinalAutomation@2d928643] output={null}]]]>
              </value>
            </param>
          </params>
          <reporter-output>
          </reporter-output>
        </test-method> <!-- tearDown -->
        <test-method status="PASS" signature="tearDown(org.testng.ITestResult)[pri:0, instance:finalPackage.FinalAutomation@2d928643]" name="tearDown" is-config="true" duration-ms="0" started-at="2017-06-22T19:07:44Z" finished-at="2017-06-22T19:07:44Z">
          <params>
            <param index="0">
              <value>
                <![CDATA[[TestResult name=validateAlarmsandAlertChillerCount status=SUCCESS method=FinalAutomation.validateAlarmsandAlertChillerCount()[pri:2, instance:finalPackage.FinalAutomation@2d928643] output={null}]]]>
              </value>
            </param>
          </params>
          <reporter-output>
          </reporter-output>
        </test-method> <!-- tearDown -->
        <test-method status="PASS" signature="validateNotRunningChillerCount()[pri:3, instance:finalPackage.FinalAutomation@2d928643]" name="validateNotRunningChillerCount" duration-ms="8583" started-at="2017-06-22T19:07:44Z" finished-at="2017-06-22T19:07:53Z">
          <reporter-output>
          </reporter-output>
        </test-method> <!-- validateNotRunningChillerCount -->
        <test-method status="PASS" signature="validateOfflineChillerCount()[pri:4, instance:finalPackage.FinalAutomation@2d928643]" name="validateOfflineChillerCount" duration-ms="8597" started-at="2017-06-22T19:07:53Z" finished-at="2017-06-22T19:08:01Z">
          <reporter-output>
          </reporter-output>
        </test-method> <!-- validateOfflineChillerCount -->
        <test-method status="PASS" signature="tearDown(org.testng.ITestResult)[pri:0, instance:finalPackage.FinalAutomation@2d928643]" name="tearDown" is-config="true" duration-ms="0" started-at="2017-06-22T19:07:53Z" finished-at="2017-06-22T19:07:53Z">
          <params>
            <param index="0">
              <value>
                <![CDATA[[TestResult name=validateNotRunningChillerCount status=SUCCESS method=FinalAutomation.validateNotRunningChillerCount()[pri:3, instance:finalPackage.FinalAutomation@2d928643] output={null}]]]>
              </value>
            </param>
          </params>
          <reporter-output>
          </reporter-output>
        </test-method> <!-- tearDown -->
        <test-method status="PASS" signature="tearDown(org.testng.ITestResult)[pri:0, instance:finalPackage.FinalAutomation@2d928643]" name="tearDown" is-config="true" duration-ms="0" started-at="2017-06-22T19:08:01Z" finished-at="2017-06-22T19:08:01Z">
          <params>
            <param index="0">
              <value>
                <![CDATA[[TestResult name=validateOfflineChillerCount status=SUCCESS method=FinalAutomation.validateOfflineChillerCount()[pri:4, instance:finalPackage.FinalAutomation@2d928643] output={null}]]]>
              </value>
            </param>
          </params>
          <reporter-output>
          </reporter-output>
        </test-method> <!-- tearDown -->
        <test-method status="PASS" signature="validateDeviceLocationSearchFunctionality()[pri:5, instance:finalPackage.FinalAutomation@2d928643]" name="validateDeviceLocationSearchFunctionality" duration-ms="5526" started-at="2017-06-22T19:08:01Z" finished-at="2017-06-22T19:08:07Z">
          <reporter-output>
          </reporter-output>
        </test-method> <!-- validateDeviceLocationSearchFunctionality -->
        <test-method status="PASS" signature="tearDown(org.testng.ITestResult)[pri:0, instance:finalPackage.FinalAutomation@2d928643]" name="tearDown" is-config="true" duration-ms="0" started-at="2017-06-22T19:08:07Z" finished-at="2017-06-22T19:08:07Z">
          <params>
            <param index="0">
              <value>
                <![CDATA[[TestResult name=validateDeviceLocationSearchFunctionality status=SUCCESS method=FinalAutomation.validateDeviceLocationSearchFunctionality()[pri:5, instance:finalPackage.FinalAutomation@2d928643] output={null}]]]>
              </value>
            </param>
          </params>
          <reporter-output>
          </reporter-output>
        </test-method> <!-- tearDown -->
        <test-method status="PASS" signature="differentiatechillerBasedonIndicator()[pri:6, instance:finalPackage.FinalAutomation@2d928643]" name="differentiatechillerBasedonIndicator" duration-ms="10311" started-at="2017-06-22T19:08:07Z" finished-at="2017-06-22T19:08:17Z">
          <reporter-output>
          </reporter-output>
        </test-method> <!-- differentiatechillerBasedonIndicator -->
        <test-method status="PASS" signature="tearDown(org.testng.ITestResult)[pri:0, instance:finalPackage.FinalAutomation@2d928643]" name="tearDown" is-config="true" duration-ms="0" started-at="2017-06-22T19:08:17Z" finished-at="2017-06-22T19:08:17Z">
          <params>
            <param index="0">
              <value>
                <![CDATA[[TestResult name=differentiatechillerBasedonIndicator status=SUCCESS method=FinalAutomation.differentiatechillerBasedonIndicator()[pri:6, instance:finalPackage.FinalAutomation@2d928643] output={null}]]]>
              </value>
            </param>
          </params>
          <reporter-output>
          </reporter-output>
        </test-method> <!-- tearDown -->
        <test-method status="PASS" signature="validateSortingFunctionality()[pri:7, instance:finalPackage.FinalAutomation@2d928643]" name="validateSortingFunctionality" duration-ms="15641" started-at="2017-06-22T19:08:17Z" finished-at="2017-06-22T19:08:33Z">
          <reporter-output>
          </reporter-output>
        </test-method> <!-- validateSortingFunctionality -->
        <test-method status="PASS" signature="tearDown(org.testng.ITestResult)[pri:0, instance:finalPackage.FinalAutomation@2d928643]" name="tearDown" is-config="true" duration-ms="1" started-at="2017-06-22T19:08:33Z" finished-at="2017-06-22T19:08:33Z">
          <params>
            <param index="0">
              <value>
                <![CDATA[[TestResult name=validateSortingFunctionality status=SUCCESS method=FinalAutomation.validateSortingFunctionality()[pri:7, instance:finalPackage.FinalAutomation@2d928643] output={null}]]]>
              </value>
            </param>
          </params>
          <reporter-output>
          </reporter-output>
        </test-method> <!-- tearDown -->
        <test-method status="PASS" signature="validateDeviceDetailsPage()[pri:8, instance:finalPackage.FinalAutomation@2d928643]" name="validateDeviceDetailsPage" duration-ms="487" started-at="2017-06-22T19:08:33Z" finished-at="2017-06-22T19:08:33Z">
          <reporter-output>
          </reporter-output>
        </test-method> <!-- validateDeviceDetailsPage -->
        <test-method status="PASS" signature="tearDown(org.testng.ITestResult)[pri:0, instance:finalPackage.FinalAutomation@2d928643]" name="tearDown" is-config="true" duration-ms="1" started-at="2017-06-22T19:08:33Z" finished-at="2017-06-22T19:08:33Z">
          <params>
            <param index="0">
              <value>
                <![CDATA[[TestResult name=validateDeviceDetailsPage status=SUCCESS method=FinalAutomation.validateDeviceDetailsPage()[pri:8, instance:finalPackage.FinalAutomation@2d928643] output={null}]]]>
              </value>
            </param>
          </params>
          <reporter-output>
          </reporter-output>
        </test-method> <!-- tearDown -->
        <test-method status="PASS" signature="verifyWeatherForecast()[pri:9, instance:finalPackage.FinalAutomation@2d928643]" name="verifyWeatherForecast" duration-ms="5234" started-at="2017-06-22T19:08:33Z" finished-at="2017-06-22T19:08:39Z">
          <reporter-output>
          </reporter-output>
        </test-method> <!-- verifyWeatherForecast -->
        <test-method status="PASS" signature="tearDown(org.testng.ITestResult)[pri:0, instance:finalPackage.FinalAutomation@2d928643]" name="tearDown" is-config="true" duration-ms="0" started-at="2017-06-22T19:08:39Z" finished-at="2017-06-22T19:08:39Z">
          <params>
            <param index="0">
              <value>
                <![CDATA[[TestResult name=verifyWeatherForecast status=SUCCESS method=FinalAutomation.verifyWeatherForecast()[pri:9, instance:finalPackage.FinalAutomation@2d928643] output={null}]]]>
              </value>
            </param>
          </params>
          <reporter-output>
          </reporter-output>
        </test-method> <!-- tearDown -->
        <test-method status="PASS" signature="validateSectionDetailsPage()[pri:10, instance:finalPackage.FinalAutomation@2d928643]" name="validateSectionDetailsPage" duration-ms="36124" started-at="2017-06-22T19:08:39Z" finished-at="2017-06-22T19:09:15Z">
          <reporter-output>
          </reporter-output>
        </test-method> <!-- validateSectionDetailsPage -->
        <test-method status="PASS" signature="tearDown(org.testng.ITestResult)[pri:0, instance:finalPackage.FinalAutomation@2d928643]" name="tearDown" is-config="true" duration-ms="1" started-at="2017-06-22T19:09:15Z" finished-at="2017-06-22T19:09:15Z">
          <params>
            <param index="0">
              <value>
                <![CDATA[[TestResult name=validateSectionDetailsPage status=SUCCESS method=FinalAutomation.validateSectionDetailsPage()[pri:10, instance:finalPackage.FinalAutomation@2d928643] output={null}]]]>
              </value>
            </param>
          </params>
          <reporter-output>
          </reporter-output>
        </test-method> <!-- tearDown -->
        <test-method status="PASS" signature="validateExportToExcel()[pri:11, instance:finalPackage.FinalAutomation@2d928643]" name="validateExportToExcel" duration-ms="45100" started-at="2017-06-22T19:09:15Z" finished-at="2017-06-22T19:10:00Z">
          <reporter-output>
          </reporter-output>
        </test-method> <!-- validateExportToExcel -->
        <test-method status="PASS" signature="tearDown(org.testng.ITestResult)[pri:0, instance:finalPackage.FinalAutomation@2d928643]" name="tearDown" is-config="true" duration-ms="1" started-at="2017-06-22T19:10:00Z" finished-at="2017-06-22T19:10:00Z">
          <params>
            <param index="0">
              <value>
                <![CDATA[[TestResult name=validateExportToExcel status=SUCCESS method=FinalAutomation.validateExportToExcel()[pri:11, instance:finalPackage.FinalAutomation@2d928643] output={null}]]]>
              </value>
            </param>
          </params>
          <reporter-output>
          </reporter-output>
        </test-method> <!-- tearDown -->
        <test-method status="PASS" signature="addNewCustomer()[pri:12, instance:finalPackage.FinalAutomation@2d928643]" name="addNewCustomer" duration-ms="24286" started-at="2017-06-22T19:10:00Z" finished-at="2017-06-22T19:10:24Z">
          <reporter-output>
          </reporter-output>
        </test-method> <!-- addNewCustomer -->
        <test-method status="PASS" signature="tearDown(org.testng.ITestResult)[pri:0, instance:finalPackage.FinalAutomation@2d928643]" name="tearDown" is-config="true" duration-ms="0" started-at="2017-06-22T19:10:24Z" finished-at="2017-06-22T19:10:24Z">
          <params>
            <param index="0">
              <value>
                <![CDATA[[TestResult name=addNewCustomer status=SUCCESS method=FinalAutomation.addNewCustomer()[pri:12, instance:finalPackage.FinalAutomation@2d928643] output={null}]]]>
              </value>
            </param>
          </params>
          <reporter-output>
          </reporter-output>
        </test-method> <!-- tearDown -->
        <test-method status="PASS" signature="chillerRegistrationNewCustomer()[pri:13, instance:finalPackage.FinalAutomation@2d928643]" name="chillerRegistrationNewCustomer" duration-ms="52369" started-at="2017-06-22T19:10:24Z" finished-at="2017-06-22T19:11:17Z">
          <reporter-output>
          </reporter-output>
        </test-method> <!-- chillerRegistrationNewCustomer -->
        <test-method status="PASS" signature="tearDown(org.testng.ITestResult)[pri:0, instance:finalPackage.FinalAutomation@2d928643]" name="tearDown" is-config="true" duration-ms="0" started-at="2017-06-22T19:11:17Z" finished-at="2017-06-22T19:11:17Z">
          <params>
            <param index="0">
              <value>
                <![CDATA[[TestResult name=chillerRegistrationNewCustomer status=SUCCESS method=FinalAutomation.chillerRegistrationNewCustomer()[pri:13, instance:finalPackage.FinalAutomation@2d928643] output={null}]]]>
              </value>
            </param>
          </params>
          <reporter-output>
          </reporter-output>
        </test-method> <!-- tearDown -->
        <test-method status="PASS" signature="tenantVerification()[pri:14, instance:finalPackage.FinalAutomation@2d928643]" name="tenantVerification" duration-ms="81339" started-at="2017-06-22T19:11:17Z" finished-at="2017-06-22T19:12:38Z">
          <reporter-output>
          </reporter-output>
        </test-method> <!-- tenantVerification -->
        <test-method status="PASS" signature="tearDown(org.testng.ITestResult)[pri:0, instance:finalPackage.FinalAutomation@2d928643]" name="tearDown" is-config="true" duration-ms="0" started-at="2017-06-22T19:12:38Z" finished-at="2017-06-22T19:12:38Z">
          <params>
            <param index="0">
              <value>
                <![CDATA[[TestResult name=tenantVerification status=SUCCESS method=FinalAutomation.tenantVerification()[pri:14, instance:finalPackage.FinalAutomation@2d928643] output={null}]]]>
              </value>
            </param>
          </params>
          <reporter-output>
          </reporter-output>
        </test-method> <!-- tearDown -->
        <test-method status="PASS" signature="close()[pri:0, instance:finalPackage.FinalAutomation@2d928643]" name="close" is-config="true" duration-ms="12059" started-at="2017-06-22T19:12:38Z" finished-at="2017-06-22T19:12:50Z">
          <reporter-output>
          </reporter-output>
        </test-method> <!-- close -->
      </class> <!-- finalPackage.FinalAutomation -->
    </test> <!-- Default test -->
  </suite> <!-- Default suite -->
</testng-results>
