<?xml version="1.0" encoding="UTF-8"?>
<testng-results skipped="0" failed="1" ignored="0" total="17" passed="16">
  <reporter-output>
  </reporter-output>
  <suite name="Carrier SMART Dashboard Test Suite" duration-ms="728241" started-at="2017-08-08T09:09:33Z" finished-at="2017-08-08T09:21:42Z">
    <groups>
    </groups>
    <test name="Carrier SMART POM Test" duration-ms="728241" started-at="2017-08-08T09:09:33Z" finished-at="2017-08-08T09:21:42Z">
      <class name="com.pack.common.tests.DeviceDetailsTest">
        <test-method status="PASS" signature="initializeTestBaseSetup(java.lang.String, java.lang.String)[pri:0, instance:com.pack.common.tests.DeviceDetailsTest@6b53e23f]" name="initializeTestBaseSetup" is-config="true" duration-ms="27461" started-at="2017-08-08T14:41:50Z" finished-at="2017-08-08T14:42:18Z">
          <params>
            <param index="0">
              <value>
                <![CDATA[chrome]]>
              </value>
            </param>
            <param index="1">
              <value>
                <![CDATA[https://smartservicedev.carrier.com]]>
              </value>
            </param>
          </params>
          <reporter-output>
          </reporter-output>
        </test-method> <!-- initializeTestBaseSetup -->
        <test-method status="PASS" signature="setUp()[pri:8, instance:com.pack.common.tests.DeviceDetailsTest@6b53e23f]" name="setUp" duration-ms="30510" started-at="2017-08-08T14:42:18Z" finished-at="2017-08-08T14:42:48Z">
          <reporter-output>
          </reporter-output>
        </test-method> <!-- setUp -->
        <test-method status="PASS" signature="validateDeviceDetailsPage()[pri:9, instance:com.pack.common.tests.DeviceDetailsTest@6b53e23f]" name="validateDeviceDetailsPage" duration-ms="7425" started-at="2017-08-08T14:42:48Z" finished-at="2017-08-08T14:42:56Z">
          <reporter-output>
          </reporter-output>
        </test-method> <!-- validateDeviceDetailsPage -->
        <test-method status="PASS" signature="verifyWeatherForecast()[pri:10, instance:com.pack.common.tests.DeviceDetailsTest@6b53e23f]" name="verifyWeatherForecast" duration-ms="3418" started-at="2017-08-08T14:42:56Z" finished-at="2017-08-08T14:42:59Z">
          <reporter-output>
          </reporter-output>
        </test-method> <!-- verifyWeatherForecast -->
        <test-method status="PASS" signature="tearDown()[pri:0, instance:com.pack.common.tests.DeviceDetailsTest@6b53e23f]" name="tearDown" is-config="true" duration-ms="13909" started-at="2017-08-08T14:42:59Z" finished-at="2017-08-08T14:43:13Z">
          <reporter-output>
          </reporter-output>
        </test-method> <!-- tearDown -->
      </class> <!-- com.pack.common.tests.DeviceDetailsTest -->
      <class name="com.pack.common.tests.AdminFunctionTest">
        <test-method status="PASS" signature="initializeTestBaseSetup(java.lang.String, java.lang.String)[pri:0, instance:com.pack.common.tests.AdminFunctionTest@1b68b9a4]" name="initializeTestBaseSetup" is-config="true" duration-ms="26540" started-at="2017-08-08T14:47:53Z" finished-at="2017-08-08T14:48:19Z">
          <params>
            <param index="0">
              <value>
                <![CDATA[chrome]]>
              </value>
            </param>
            <param index="1">
              <value>
                <![CDATA[https://smartservicedev.carrier.com]]>
              </value>
            </param>
          </params>
          <reporter-output>
          </reporter-output>
        </test-method> <!-- initializeTestBaseSetup -->
        <test-method status="PASS" signature="setUp()[pri:14, instance:com.pack.common.tests.AdminFunctionTest@1b68b9a4]" name="setUp" duration-ms="30581" started-at="2017-08-08T14:48:19Z" finished-at="2017-08-08T14:48:50Z">
          <reporter-output>
          </reporter-output>
        </test-method> <!-- setUp -->
        <test-method status="PASS" signature="addNewCustomer()[pri:15, instance:com.pack.common.tests.AdminFunctionTest@1b68b9a4]" name="addNewCustomer" duration-ms="24593" started-at="2017-08-08T14:48:50Z" finished-at="2017-08-08T14:49:14Z">
          <reporter-output>
          </reporter-output>
        </test-method> <!-- addNewCustomer -->
        <test-method status="PASS" signature="chillerRegistrationNewCustomer()[pri:16, instance:com.pack.common.tests.AdminFunctionTest@1b68b9a4]" name="chillerRegistrationNewCustomer" duration-ms="50937" started-at="2017-08-08T14:49:14Z" finished-at="2017-08-08T14:50:05Z">
          <reporter-output>
          </reporter-output>
        </test-method> <!-- chillerRegistrationNewCustomer -->
        <test-method status="PASS" signature="tenantVerification()[pri:17, instance:com.pack.common.tests.AdminFunctionTest@1b68b9a4]" name="tenantVerification" duration-ms="81654" started-at="2017-08-08T14:50:05Z" finished-at="2017-08-08T14:51:27Z">
          <reporter-output>
          </reporter-output>
        </test-method> <!-- tenantVerification -->
        <test-method status="PASS" signature="tearDown()[pri:0, instance:com.pack.common.tests.AdminFunctionTest@1b68b9a4]" name="tearDown" is-config="true" duration-ms="14564" started-at="2017-08-08T14:51:27Z" finished-at="2017-08-08T14:51:42Z">
          <reporter-output>
          </reporter-output>
        </test-method> <!-- tearDown -->
      </class> <!-- com.pack.common.tests.AdminFunctionTest -->
      <class name="com.pack.common.tests.SectionDetailsTest">
        <test-method status="PASS" signature="initializeTestBaseSetup(java.lang.String, java.lang.String)[pri:0, instance:com.pack.common.tests.SectionDetailsTest@64d2d351]" name="initializeTestBaseSetup" is-config="true" duration-ms="25046" started-at="2017-08-08T14:43:13Z" finished-at="2017-08-08T14:43:38Z">
          <params>
            <param index="0">
              <value>
                <![CDATA[chrome]]>
              </value>
            </param>
            <param index="1">
              <value>
                <![CDATA[https://smartservicedev.carrier.com]]>
              </value>
            </param>
          </params>
          <reporter-output>
          </reporter-output>
        </test-method> <!-- initializeTestBaseSetup -->
        <test-method status="PASS" signature="setUp()[pri:11, instance:com.pack.common.tests.SectionDetailsTest@64d2d351]" name="setUp" duration-ms="30857" started-at="2017-08-08T14:43:38Z" finished-at="2017-08-08T14:44:09Z">
          <reporter-output>
          </reporter-output>
        </test-method> <!-- setUp -->
        <test-method status="FAIL" signature="validateSectionDetailsPage()[pri:12, instance:com.pack.common.tests.SectionDetailsTest@64d2d351]" name="validateSectionDetailsPage" duration-ms="164942" started-at="2017-08-08T14:44:09Z" finished-at="2017-08-08T14:46:54Z">
          <exception class="org.openqa.selenium.WebDriverException">
            <message>
              <![CDATA[unknown error: Element <span _ngcontent-ohq-16="">...</span> is not clickable at point (213, 525). Other element would receive the click: <div _ngcontent-ohq-22="" class="metricStatus">...</div>
  (Session info: chrome=59.0.3071.115)
  (Driver info: chromedriver=2.29.461591 (62ebf098771772160f391d75e589dc567915b233),platform=Windows NT 6.3.9600 x86_64) (WARNING: The server did not provide any stacktrace information)
Command duration or timeout: 67 milliseconds
Build info: version: 'unknown', revision: 'unknown', time: 'unknown'
System info: host: 'FINDHYDAG727322', ip: '10.176.49.9', os.name: 'Windows 8.1', os.arch: 'amd64', os.version: '6.3', java.version: '1.8.0_51'
Driver info: org.openqa.selenium.chrome.ChromeDriver
Capabilities [{applicationCacheEnabled=false, rotatable=false, mobileEmulationEnabled=false, networkConnectionEnabled=false, chrome={chromedriverVersion=2.29.461591 (62ebf098771772160f391d75e589dc567915b233), userDataDir=C:\Users\swainN\AppData\Local\Temp\scoped_dir13596_19158}, takesHeapSnapshot=true, pageLoadStrategy=normal, databaseEnabled=false, handlesAlerts=true, hasTouchScreen=false, version=59.0.3071.115, platform=WIN8_1, browserConnectionEnabled=false, nativeEvents=true, acceptSslCerts=true, locationContextEnabled=true, webStorageEnabled=true, browserName=chrome, takesScreenshot=true, javascriptEnabled=true, cssSelectorsEnabled=true, unexpectedAlertBehaviour=}]
Session ID: 5908e4c371f2907f696ac70a85221e7d]]>
            </message>
            <full-stacktrace>
              <![CDATA[org.openqa.selenium.WebDriverException: unknown error: Element <span _ngcontent-ohq-16="">...</span> is not clickable at point (213, 525). Other element would receive the click: <div _ngcontent-ohq-22="" class="metricStatus">...</div>
  (Session info: chrome=59.0.3071.115)
  (Driver info: chromedriver=2.29.461591 (62ebf098771772160f391d75e589dc567915b233),platform=Windows NT 6.3.9600 x86_64) (WARNING: The server did not provide any stacktrace information)
Command duration or timeout: 67 milliseconds
Build info: version: 'unknown', revision: 'unknown', time: 'unknown'
System info: host: 'FINDHYDAG727322', ip: '10.176.49.9', os.name: 'Windows 8.1', os.arch: 'amd64', os.version: '6.3', java.version: '1.8.0_51'
Driver info: org.openqa.selenium.chrome.ChromeDriver
Capabilities [{applicationCacheEnabled=false, rotatable=false, mobileEmulationEnabled=false, networkConnectionEnabled=false, chrome={chromedriverVersion=2.29.461591 (62ebf098771772160f391d75e589dc567915b233), userDataDir=C:\Users\swainN\AppData\Local\Temp\scoped_dir13596_19158}, takesHeapSnapshot=true, pageLoadStrategy=normal, databaseEnabled=false, handlesAlerts=true, hasTouchScreen=false, version=59.0.3071.115, platform=WIN8_1, browserConnectionEnabled=false, nativeEvents=true, acceptSslCerts=true, locationContextEnabled=true, webStorageEnabled=true, browserName=chrome, takesScreenshot=true, javascriptEnabled=true, cssSelectorsEnabled=true, unexpectedAlertBehaviour=}]
Session ID: 5908e4c371f2907f696ac70a85221e7d
	at sun.reflect.NativeConstructorAccessorImpl.newInstance0(Native Method)
	at sun.reflect.NativeConstructorAccessorImpl.newInstance(Unknown Source)
	at sun.reflect.DelegatingConstructorAccessorImpl.newInstance(Unknown Source)
	at java.lang.reflect.Constructor.newInstance(Unknown Source)
	at org.openqa.selenium.remote.ErrorHandler.createThrowable(ErrorHandler.java:215)
	at org.openqa.selenium.remote.ErrorHandler.throwIfResponseFailed(ErrorHandler.java:167)
	at org.openqa.selenium.remote.RemoteWebDriver.execute(RemoteWebDriver.java:671)
	at org.openqa.selenium.remote.RemoteWebElement.execute(RemoteWebElement.java:272)
	at org.openqa.selenium.remote.RemoteWebElement.click(RemoteWebElement.java:82)
	at com.pack.common.pageobjects.DeviceSectionDetailsPage.validateSectionDetailsPage(DeviceSectionDetailsPage.java:73)
	at com.pack.common.tests.SectionDetailsTest.validateSectionDetailsPage(SectionDetailsTest.java:41)
	at sun.reflect.NativeMethodAccessorImpl.invoke0(Native Method)
	at sun.reflect.NativeMethodAccessorImpl.invoke(Unknown Source)
	at sun.reflect.DelegatingMethodAccessorImpl.invoke(Unknown Source)
	at java.lang.reflect.Method.invoke(Unknown Source)
	at org.testng.internal.MethodInvocationHelper.invokeMethod(MethodInvocationHelper.java:108)
	at org.testng.internal.Invoker.invokeMethod(Invoker.java:661)
	at org.testng.internal.Invoker.invokeTestMethod(Invoker.java:869)
	at org.testng.internal.Invoker.invokeTestMethods(Invoker.java:1193)
	at org.testng.internal.TestMethodWorker.invokeTestMethods(TestMethodWorker.java:126)
	at org.testng.internal.TestMethodWorker.run(TestMethodWorker.java:109)
	at org.testng.TestRunner.privateRun(TestRunner.java:744)
	at org.testng.TestRunner.run(TestRunner.java:602)
	at org.testng.SuiteRunner.runTest(SuiteRunner.java:380)
	at org.testng.SuiteRunner.runSequentially(SuiteRunner.java:375)
	at org.testng.SuiteRunner.privateRun(SuiteRunner.java:340)
	at org.testng.SuiteRunner.run(SuiteRunner.java:289)
	at org.testng.SuiteRunnerWorker.runSuite(SuiteRunnerWorker.java:52)
	at org.testng.SuiteRunnerWorker.run(SuiteRunnerWorker.java:86)
	at org.testng.TestNG.runSuitesSequentially(TestNG.java:1301)
	at org.testng.TestNG.runSuitesLocally(TestNG.java:1226)
	at org.testng.TestNG.runSuites(TestNG.java:1144)
	at org.testng.TestNG.run(TestNG.java:1115)
	at org.testng.remote.AbstractRemoteTestNG.run(AbstractRemoteTestNG.java:132)
	at org.testng.remote.RemoteTestNG.initAndRun(RemoteTestNG.java:230)
	at org.testng.remote.RemoteTestNG.main(RemoteTestNG.java:76)
]]>
            </full-stacktrace>
          </exception> <!-- org.openqa.selenium.WebDriverException -->
          <reporter-output>
          </reporter-output>
        </test-method> <!-- validateSectionDetailsPage -->
        <test-method status="PASS" signature="validateExportToExcel()[pri:13, instance:com.pack.common.tests.SectionDetailsTest@64d2d351]" name="validateExportToExcel" duration-ms="44330" started-at="2017-08-08T14:46:54Z" finished-at="2017-08-08T14:47:38Z">
          <reporter-output>
          </reporter-output>
        </test-method> <!-- validateExportToExcel -->
        <test-method status="PASS" signature="tearDown()[pri:0, instance:com.pack.common.tests.SectionDetailsTest@64d2d351]" name="tearDown" is-config="true" duration-ms="14516" started-at="2017-08-08T14:47:38Z" finished-at="2017-08-08T14:47:53Z">
          <reporter-output>
          </reporter-output>
        </test-method> <!-- tearDown -->
      </class> <!-- com.pack.common.tests.SectionDetailsTest -->
      <class name="com.pack.common.tests.DashboardPageTest">
        <test-method status="PASS" signature="initializeTestBaseSetup(java.lang.String, java.lang.String)[pri:0, instance:com.pack.common.tests.DashboardPageTest@1dd92fe2]" name="initializeTestBaseSetup" is-config="true" duration-ms="29336" started-at="2017-08-08T14:39:33Z" finished-at="2017-08-08T14:40:03Z">
          <params>
            <param index="0">
              <value>
                <![CDATA[chrome]]>
              </value>
            </param>
            <param index="1">
              <value>
                <![CDATA[https://smartservicedev.carrier.com]]>
              </value>
            </param>
          </params>
          <reporter-output>
          </reporter-output>
        </test-method> <!-- initializeTestBaseSetup -->
        <test-method status="PASS" signature="setUp()[pri:1, instance:com.pack.common.tests.DashboardPageTest@1dd92fe2]" name="setUp" duration-ms="30768" started-at="2017-08-08T14:40:03Z" finished-at="2017-08-08T14:40:33Z">
          <reporter-output>
          </reporter-output>
        </test-method> <!-- setUp -->
        <test-method status="PASS" signature="validateRunningChillerCount()[pri:2, instance:com.pack.common.tests.DashboardPageTest@1dd92fe2]" name="validateRunningChillerCount" duration-ms="10311" started-at="2017-08-08T14:40:33Z" finished-at="2017-08-08T14:40:44Z">
          <reporter-output>
          </reporter-output>
        </test-method> <!-- validateRunningChillerCount -->
        <test-method status="PASS" signature="validateAlarmsandAlertChillerCount()[pri:3, instance:com.pack.common.tests.DashboardPageTest@1dd92fe2]" name="validateAlarmsandAlertChillerCount" duration-ms="13674" started-at="2017-08-08T14:40:44Z" finished-at="2017-08-08T14:40:57Z">
          <reporter-output>
          </reporter-output>
        </test-method> <!-- validateAlarmsandAlertChillerCount -->
        <test-method status="PASS" signature="validateNotRunningChillerCount()[pri:4, instance:com.pack.common.tests.DashboardPageTest@1dd92fe2]" name="validateNotRunningChillerCount" duration-ms="8561" started-at="2017-08-08T14:40:57Z" finished-at="2017-08-08T14:41:06Z">
          <reporter-output>
          </reporter-output>
        </test-method> <!-- validateNotRunningChillerCount -->
        <test-method status="PASS" signature="validateOfflineChillerCount()[pri:5, instance:com.pack.common.tests.DashboardPageTest@1dd92fe2]" name="validateOfflineChillerCount" duration-ms="8587" started-at="2017-08-08T14:41:06Z" finished-at="2017-08-08T14:41:15Z">
          <reporter-output>
          </reporter-output>
        </test-method> <!-- validateOfflineChillerCount -->
        <test-method status="PASS" signature="validateDeviceLocationSearchFunctionality()[pri:6, instance:com.pack.common.tests.DashboardPageTest@1dd92fe2]" name="validateDeviceLocationSearchFunctionality" duration-ms="5513" started-at="2017-08-08T14:41:15Z" finished-at="2017-08-08T14:41:20Z">
          <reporter-output>
          </reporter-output>
        </test-method> <!-- validateDeviceLocationSearchFunctionality -->
        <test-method status="PASS" signature="validateSortingFunctionality()[pri:7, instance:com.pack.common.tests.DashboardPageTest@1dd92fe2]" name="validateSortingFunctionality" duration-ms="15388" started-at="2017-08-08T14:41:20Z" finished-at="2017-08-08T14:41:35Z">
          <reporter-output>
          </reporter-output>
        </test-method> <!-- validateSortingFunctionality -->
        <test-method status="PASS" signature="tearDown()[pri:0, instance:com.pack.common.tests.DashboardPageTest@1dd92fe2]" name="tearDown" is-config="true" duration-ms="14779" started-at="2017-08-08T14:41:35Z" finished-at="2017-08-08T14:41:50Z">
          <reporter-output>
          </reporter-output>
        </test-method> <!-- tearDown -->
      </class> <!-- com.pack.common.tests.DashboardPageTest -->
    </test> <!-- Carrier SMART POM Test -->
  </suite> <!-- Carrier SMART Dashboard Test Suite -->
</testng-results>
