<?xml version="1.0" encoding="UTF-8"?>
<!-- Generated by org.testng.reporters.JUnitXMLReporter -->
<testsuite hostname="FINDHYDAG727322" ignored="0" name="Default test" tests="15" failures="0" timestamp="05 Jul 2017 11:45:30 GMT" time="398.878" errors="0">
  <testcase name="LoginDasboard" time="96.15" classname="TestCasesPackage.Nuttan_AdminFunctions"/>
  <testcase name="validateRunningChillerCount" time="8.748" classname="TestCasesPackage.Nuttan_AdminFunctions"/>
  <testcase name="validateAlarmsandAlertChillerCount" time="8.564" classname="TestCasesPackage.Nuttan_AdminFunctions"/>
  <testcase name="validateNotRunningChillerCount" time="8.565" classname="TestCasesPackage.Nuttan_AdminFunctions"/>
  <testcase name="validateOfflineChillerCount" time="8.613" classname="TestCasesPackage.Nuttan_AdminFunctions"/>
  <testcase name="validateDeviceLocationSearchFunctionality" time="5.478" classname="TestCasesPackage.Nuttan_AdminFunctions"/>
  <testcase name="differentiatechillerBasedonIndicator" time="0.081" classname="TestCasesPackage.Nuttan_AdminFunctions"/>
  <testcase name="validateSortingFunctionality" time="15.539" classname="TestCasesPackage.Nuttan_AdminFunctions"/>
  <testcase name="validateDeviceDetailsPage" time="0.299" classname="TestCasesPackage.Nuttan_AdminFunctions"/>
  <testcase name="verifyWeatherForecast" time="4.667" classname="TestCasesPackage.Nuttan_AdminFunctions"/>
  <testcase name="validateSectionDetailsPage" time="31.658" classname="TestCasesPackage.Nuttan_AdminFunctions"/>
  <testcase name="validateExportToExcel" time="50.823" classname="TestCasesPackage.Nuttan_AdminFunctions"/>
  <testcase name="addNewCustomer" time="23.069" classname="TestCasesPackage.Nuttan_AdminFunctions"/>
  <testcase name="chillerRegistrationNewCustomer" time="50.16" classname="TestCasesPackage.Nuttan_AdminFunctions"/>
  <testcase name="tenantVerification" time="81.583" classname="TestCasesPackage.Nuttan_AdminFunctions"/>
</testsuite> <!-- Default test -->
